<?xml version="1.0" encoding="UTF-8"?>
<!-- Generated by org.testng.reporters.JUnitReportReporter -->
<testsuite hostname="MSI" failures="0" tests="1" name="TestNG.Login" time="8.445" errors="0" timestamp="2022-10-04T12:42:32 IST" skipped="0">
  <testcase classname="TestNG.Login" name="f" time="8.445"/>
</testsuite> <!-- TestNG.Login -->
