<?xml version="1.0" encoding="UTF-8"?>
<!-- Generated by org.testng.reporters.JUnitReportReporter -->
<testsuite hostname="MSI" failures="0" tests="1" name="NewTest" time="0.013" errors="0" timestamp="2022-10-02T11:31:00 IST" skipped="0">
  <testcase classname="NewTest" name="f" time="0.013"/>
</testsuite> <!-- NewTest -->
